<?xml version="1.0" encoding="UTF-8"?>
<!-- Generated by org.testng.reporters.JUnitReportReporter -->
<testsuite skipped="0" hostname="DESKTOP-7OIPN3T" name="com.actitime.testscripts.CustomerModule" tests="1" failures="0" timestamp="2021-01-10T12:46:31 IST" time="99.063" errors="0">
  <testcase name="testCreateCustomer" time="99.063" classname="com.actitime.testscripts.CustomerModule"/>
  <system-out/>
</testsuite> <!-- com.actitime.testscripts.CustomerModule -->
